[18-Sep-2015 08:03:55 UTC] PHP Warning:  mysql_connect(): Access denied for user 'deivako'@'localhost' (using password: NO) in /home/ubuntu/workspace/php/registro.php on line 7
[18-Sep-2015 08:03:55 UTC] PHP Stack trace:
[18-Sep-2015 08:03:55 UTC] PHP   1. {main}() /home/ubuntu/workspace/php/registro.php:0
[18-Sep-2015 08:03:55 UTC] PHP   2. mysql_connect() /home/ubuntu/workspace/php/registro.php:7
[22-Sep-2015 11:21:17 UTC] PHP Parse error:  syntax error, unexpected 'Nombre' (T_STRING) in /home/ubuntu/workspace/php/prueba.php on line 16
[22-Sep-2015 11:21:57 UTC] PHP Parse error:  syntax error, unexpected end of file in /home/ubuntu/workspace/php/prueba.php on line 20
[22-Sep-2015 11:22:42 UTC] PHP Warning:  mysql_fetch_row() expects parameter 1 to be resource, boolean given in /home/ubuntu/workspace/php/prueba.php on line 15
[22-Sep-2015 11:22:42 UTC] PHP Stack trace:
[22-Sep-2015 11:22:42 UTC] PHP   1. {main}() /home/ubuntu/workspace/php/prueba.php:0
[22-Sep-2015 11:22:42 UTC] PHP   2. mysql_fetch_row() /home/ubuntu/workspace/php/prueba.php:15
[22-Sep-2015 11:22:54 UTC] PHP Warning:  mysql_fetch_row() expects parameter 1 to be resource, boolean given in /home/ubuntu/workspace/php/prueba.php on line 15
[22-Sep-2015 11:22:54 UTC] PHP Stack trace:
[22-Sep-2015 11:22:54 UTC] PHP   1. {main}() /home/ubuntu/workspace/php/prueba.php:0
[22-Sep-2015 11:22:54 UTC] PHP   2. mysql_fetch_row() /home/ubuntu/workspace/php/prueba.php:15
[22-Sep-2015 11:23:45 UTC] PHP Warning:  mysql_fetch_array() expects parameter 1 to be resource, boolean given in /home/ubuntu/workspace/php/prueba.php on line 15
[22-Sep-2015 11:23:45 UTC] PHP Stack trace:
[22-Sep-2015 11:23:45 UTC] PHP   1. {main}() /home/ubuntu/workspace/php/prueba.php:0
[22-Sep-2015 11:23:45 UTC] PHP   2. mysql_fetch_array() /home/ubuntu/workspace/php/prueba.php:15
[22-Sep-2015 11:25:13 UTC] PHP Warning:  mysql_fetch_row() expects parameter 1 to be resource, boolean given in /home/ubuntu/workspace/php/prueba.php on line 15
[22-Sep-2015 11:25:13 UTC] PHP Stack trace:
[22-Sep-2015 11:25:13 UTC] PHP   1. {main}() /home/ubuntu/workspace/php/prueba.php:0
[22-Sep-2015 11:25:13 UTC] PHP   2. mysql_fetch_row() /home/ubuntu/workspace/php/prueba.php:15
[22-Sep-2015 11:25:27 UTC] PHP Warning:  mysql_fetch_row() expects parameter 1 to be resource, boolean given in /home/ubuntu/workspace/php/prueba.php on line 15
[22-Sep-2015 11:25:27 UTC] PHP Stack trace:
[22-Sep-2015 11:25:27 UTC] PHP   1. {main}() /home/ubuntu/workspace/php/prueba.php:0
[22-Sep-2015 11:25:27 UTC] PHP   2. mysql_fetch_row() /home/ubuntu/workspace/php/prueba.php:15
[22-Sep-2015 11:26:24 UTC] PHP Warning:  mysql_fetch_row() expects parameter 1 to be resource, boolean given in /home/ubuntu/workspace/php/prueba.php on line 15
[22-Sep-2015 11:26:24 UTC] PHP Stack trace:
[22-Sep-2015 11:26:24 UTC] PHP   1. {main}() /home/ubuntu/workspace/php/prueba.php:0
[22-Sep-2015 11:26:24 UTC] PHP   2. mysql_fetch_row() /home/ubuntu/workspace/php/prueba.php:15
[22-Sep-2015 11:27:11 UTC] PHP Parse error:  syntax error, unexpected 'while' (T_WHILE) in /home/ubuntu/workspace/php/prueba.php on line 16
[22-Sep-2015 11:27:23 UTC] PHP Warning:  mysql_fetch_row() expects parameter 1 to be resource, boolean given in /home/ubuntu/workspace/php/prueba.php on line 15
[22-Sep-2015 11:27:23 UTC] PHP Stack trace:
[22-Sep-2015 11:27:23 UTC] PHP   1. {main}() /home/ubuntu/workspace/php/prueba.php:0
[22-Sep-2015 11:27:23 UTC] PHP   2. mysql_fetch_row() /home/ubuntu/workspace/php/prueba.php:15
[22-Sep-2015 11:34:27 UTC] PHP Parse error:  syntax error, unexpected '?>', expecting while (T_WHILE) in /home/ubuntu/workspace/php/prueba.php on line 28
[22-Sep-2015 11:37:37 UTC] PHP Parse error:  syntax error, unexpected 'echo' (T_ECHO), expecting ',' or ';' in /home/ubuntu/workspace/php/prueba.php on line 19
[22-Sep-2015 11:49:39 UTC] PHP Parse error:  syntax error, unexpected end of file in /home/ubuntu/workspace/php/prueba.php on line 25
[22-Sep-2015 11:49:49 UTC] PHP Parse error:  syntax error, unexpected end of file in /home/ubuntu/workspace/php/prueba.php on line 25
[22-Sep-2015 11:49:50 UTC] PHP Parse error:  syntax error, unexpected end of file in /home/ubuntu/workspace/php/prueba.php on line 25
[22-Sep-2015 11:49:51 UTC] PHP Parse error:  syntax error, unexpected end of file in /home/ubuntu/workspace/php/prueba.php on line 25
[22-Sep-2015 11:49:54 UTC] PHP Warning:  mysql_fetch_array() expects parameter 1 to be resource, boolean given in /home/ubuntu/workspace/php/prueba.php on line 19
[22-Sep-2015 11:49:54 UTC] PHP Stack trace:
[22-Sep-2015 11:49:54 UTC] PHP   1. {main}() /home/ubuntu/workspace/php/prueba.php:0
[22-Sep-2015 11:49:54 UTC] PHP   2. mysql_fetch_array() /home/ubuntu/workspace/php/prueba.php:19
[22-Sep-2015 11:49:54 UTC] PHP Warning:  mysql_fetch_array() expects parameter 1 to be resource, boolean given in /home/ubuntu/workspace/php/prueba.php on line 16
[22-Sep-2015 11:49:54 UTC] PHP Stack trace:
[22-Sep-2015 11:49:54 UTC] PHP   1. {main}() /home/ubuntu/workspace/php/prueba.php:0
[22-Sep-2015 11:49:54 UTC] PHP   2. mysql_fetch_array() /home/ubuntu/workspace/php/prueba.php:16
[22-Sep-2015 11:50:08 UTC] PHP Warning:  mysql_fetch_array() expects parameter 1 to be resource, boolean given in /home/ubuntu/workspace/php/prueba.php on line 19
[22-Sep-2015 11:50:08 UTC] PHP Stack trace:
[22-Sep-2015 11:50:08 UTC] PHP   1. {main}() /home/ubuntu/workspace/php/prueba.php:0
[22-Sep-2015 11:50:08 UTC] PHP   2. mysql_fetch_array() /home/ubuntu/workspace/php/prueba.php:19
[22-Sep-2015 11:50:08 UTC] PHP Warning:  mysql_fetch_array() expects parameter 1 to be resource, boolean given in /home/ubuntu/workspace/php/prueba.php on line 19
[22-Sep-2015 11:50:08 UTC] PHP Stack trace:
[22-Sep-2015 11:50:08 UTC] PHP   1. {main}() /home/ubuntu/workspace/php/prueba.php:0
[22-Sep-2015 11:50:08 UTC] PHP   2. mysql_fetch_array() /home/ubuntu/workspace/php/prueba.php:19
[22-Sep-2015 11:50:08 UTC] PHP Warning:  mysql_fetch_array() expects parameter 1 to be resource, boolean given in /home/ubuntu/workspace/php/prueba.php on line 19
[22-Sep-2015 11:50:08 UTC] PHP Stack trace:
[22-Sep-2015 11:50:08 UTC] PHP   1. {main}() /home/ubuntu/workspace/php/prueba.php:0
[22-Sep-2015 11:50:08 UTC] PHP   2. mysql_fetch_array() /home/ubuntu/workspace/php/prueba.php:19
[22-Sep-2015 11:50:08 UTC] PHP Warning:  mysql_fetch_array() expects parameter 1 to be resource, boolean given in /home/ubuntu/workspace/php/prueba.php on line 19
[22-Sep-2015 11:50:08 UTC] PHP Stack trace:
[22-Sep-2015 11:50:08 UTC] PHP   1. {main}() /home/ubuntu/workspace/php/prueba.php:0
[22-Sep-2015 11:50:08 UTC] PHP   2. mysql_fetch_array() /home/ubuntu/workspace/php/prueba.php:19
[22-Sep-2015 11:50:08 UTC] PHP Warning:  mysql_fetch_array() expects parameter 1 to be resource, boolean given in /home/ubuntu/workspace/php/prueba.php on line 19
[22-Sep-2015 11:50:08 UTC] PHP Stack trace:
[22-Sep-2015 11:50:08 UTC] PHP   1. {main}() /home/ubuntu/workspace/php/prueba.php:0
[22-Sep-2015 11:50:08 UTC] PHP   2. mysql_fetch_array() /home/ubuntu/workspace/php/prueba.php:19
[22-Sep-2015 11:50:08 UTC] PHP Warning:  mysql_fetch_array() expects parameter 1 to be resource, boolean given in /home/ubuntu/workspace/php/prueba.php on line 19
[22-Sep-2015 11:50:08 UTC] PHP Stack trace:
[22-Sep-2015 11:50:08 UTC] PHP   1. {main}() /home/ubuntu/workspace/php/prueba.php:0
[22-Sep-2015 11:50:08 UTC] PHP   2. mysql_fetch_array() /home/ubuntu/workspace/php/prueba.php:19
[22-Sep-2015 11:50:08 UTC] PHP Warning:  mysql_fetch_array() expects parameter 1 to be resource, boolean given in /home/ubuntu/workspace/php/prueba.php on line 19
[22-Sep-2015 11:50:08 UTC] PHP Stack trace:
[22-Sep-2015 11:50:08 UTC] PHP   1. {main}() /home/ubuntu/workspace/php/prueba.php:0
[22-Sep-2015 11:50:08 UTC] PHP   2. mysql_fetch_array() /home/ubuntu/workspace/php/prueba.php:19
[22-Sep-2015 11:50:08 UTC] PHP Warning:  mysql_fetch_array() expects parameter 1 to be resource, boolean given in /home/ubuntu/workspace/php/prueba.php on line 19
[22-Sep-2015 11:50:08 UTC] PHP Stack trace:
[22-Sep-2015 11:50:08 UTC] PHP   1. {main}() /home/ubuntu/workspace/php/prueba.php:0
[22-Sep-2015 11:50:08 UTC] PHP   2. mysql_fetch_array() /home/ubuntu/workspace/php/prueba.php:19
[22-Sep-2015 11:50:08 UTC] PHP Warning:  mysql_fetch_array() expects parameter 1 to be resource, boolean given in /home/ubuntu/workspace/php/prueba.php on line 19
[22-Sep-2015 11:50:08 UTC] PHP Stack trace:
[22-Sep-2015 11:50:08 UTC] PHP   1. {main}() /home/ubuntu/workspace/php/prueba.php:0
[22-Sep-2015 11:50:08 UTC] PHP   2. mysql_fetch_array() /home/ubuntu/workspace/php/prueba.php:19
[22-Sep-2015 11:50:08 UTC] PHP Warning:  mysql_fetch_array() expects parameter 1 to be resource, boolean given in /home/ubuntu/workspace/php/prueba.php on line 19
[22-Sep-2015 11:50:08 UTC] PHP Stack trace:
[22-Sep-2015 11:50:08 UTC] PHP   1. {main}() /home/ubuntu/workspace/php/prueba.php:0
[22-Sep-2015 11:50:08 UTC] PHP   2. mysql_fetch_array() /home/ubuntu/workspace/php/prueba.php:19
[22-Sep-2015 11:50:08 UTC] PHP Warning:  mysql_fetch_array() expects parameter 1 to be resource, boolean given in /home/ubuntu/workspace/php/prueba.php on line 19
[22-Sep-2015 11:50:08 UTC] PHP Stack trace:
[22-Sep-2015 11:50:08 UTC] PHP   1. {main}() /home/ubuntu/workspace/php/prueba.php:0
[22-Sep-2015 11:50:08 UTC] PHP   2. mysql_fetch_array() /home/ubuntu/workspace/php/prueba.php:19
[22-Sep-2015 11:50:08 UTC] PHP Warning:  mysql_fetch_array() expects parameter 1 to be resource, boolean given in /home/ubuntu/workspace/php/prueba.php on line 19
[22-Sep-2015 11:50:08 UTC] PHP Stack trace:
[22-Sep-2015 11:50:08 UTC] PHP   1. {main}() /home/ubuntu/workspace/php/prueba.php:0
[22-Sep-2015 11:50:08 UTC] PHP   2. mysql_fetch_array() /home/ubuntu/workspace/php/prueba.php:19
[22-Sep-2015 11:50:08 UTC] PHP Warning:  mysql_fetch_array() expects parameter 1 to be resource, boolean given in /home/ubuntu/workspace/php/prueba.php on line 19
[22-Sep-2015 11:50:08 UTC] PHP Stack trace:
[22-Sep-2015 11:50:08 UTC] PHP   1. {main}() /home/ubuntu/workspace/php/prueba.php:0
[22-Sep-2015 11:50:08 UTC] PHP   2. mysql_fetch_array() /home/ubuntu/workspace/php/prueba.php:19
[22-Sep-2015 11:50:08 UTC] PHP Warning:  mysql_fetch_array() expects parameter 1 to be resource, boolean given in /home/ubuntu/workspace/php/prueba.php on line 19
[22-Sep-2015 11:50:08 UTC] PHP Stack trace:
[22-Sep-2015 11:50:08 UTC] PHP   1. {main}() /home/ubuntu/workspace/php/prueba.php:0
[22-Sep-2015 11:50:08 UTC] PHP   2. mysql_fetch_array() /home/ubuntu/workspace/php/prueba.php:19
[22-Sep-2015 11:50:08 UTC] PHP Warning:  mysql_fetch_array() expects parameter 1 to be resource, boolean given in /home/ubuntu/workspace/php/prueba.php on line 19
[22-Sep-2015 11:50:08 UTC] PHP Stack trace:
[22-Sep-2015 11:50:08 UTC] PHP   1. {main}() /home/ubuntu/workspace/php/prueba.php:0
[22-Sep-2015 11:50:08 UTC] PHP   2. mysql_fetch_array() /home/ubuntu/workspace/php/prueba.php:19
[22-Sep-2015 11:50:08 UTC] PHP Warning:  mysql_fetch_array() expects parameter 1 to be resource, boolean given in /home/ubuntu/workspace/php/prueba.php on line 19
[22-Sep-2015 11:50:08 UTC] PHP Stack trace:
[22-Sep-2015 11:50:08 UTC] PHP   1. {main}() /home/ubuntu/workspace/php/prueba.php:0
[22-Sep-2015 11:50:08 UTC] PHP   2. mysql_fetch_array() /home/ubuntu/workspace/php/prueba.php:19
[22-Sep-2015 11:50:27 UTC] PHP Warning:  mysql_fetch_array() expects parameter 1 to be resource, boolean given in /home/ubuntu/workspace/php/prueba.php on line 19
[22-Sep-2015 11:50:27 UTC] PHP Stack trace:
[22-Sep-2015 11:50:27 UTC] PHP   1. {main}() /home/ubuntu/workspace/php/prueba.php:0
[22-Sep-2015 11:50:27 UTC] PHP   2. mysql_fetch_array() /home/ubuntu/workspace/php/prueba.php:19
[22-Sep-2015 11:50:27 UTC] PHP Warning:  mysql_fetch_array() expects parameter 1 to be resource, boolean given in /home/ubuntu/workspace/php/prueba.php on line 19
[22-Sep-2015 11:50:27 UTC] PHP Stack trace:
[22-Sep-2015 11:50:27 UTC] PHP   1. {main}() /home/ubuntu/workspace/php/prueba.php:0
[22-Sep-2015 11:50:27 UTC] PHP   2. mysql_fetch_array() /home/ubuntu/workspace/php/prueba.php:19
[22-Sep-2015 11:50:27 UTC] PHP Warning:  mysql_fetch_array() expects parameter 1 to be resource, boolean given in /home/ubuntu/workspace/php/prueba.php on line 19
[22-Sep-2015 11:50:27 UTC] PHP Stack trace:
[22-Sep-2015 11:50:27 UTC] PHP   1. {main}() /home/ubuntu/workspace/php/prueba.php:0
[22-Sep-2015 11:50:27 UTC] PHP   2. mysql_fetch_array() /home/ubuntu/workspace/php/prueba.php:19
[22-Sep-2015 11:50:27 UTC] PHP Warning:  mysql_fetch_array() expects parameter 1 to be resource, boolean given in /home/ubuntu/workspace/php/prueba.php on line 19
[22-Sep-2015 11:50:27 UTC] PHP Stack trace:
[22-Sep-2015 11:50:27 UTC] PHP   1. {main}() /home/ubuntu/workspace/php/prueba.php:0
[22-Sep-2015 11:50:27 UTC] PHP   2. mysql_fetch_array() /home/ubuntu/workspace/php/prueba.php:19
[22-Sep-2015 11:50:27 UTC] PHP Warning:  mysql_fetch_array() expects parameter 1 to be resource, boolean given in /home/ubuntu/workspace/php/prueba.php on line 19
[22-Sep-2015 11:50:27 UTC] PHP Stack trace:
[22-Sep-2015 11:50:27 UTC] PHP   1. {main}() /home/ubuntu/workspace/php/prueba.php:0
[22-Sep-2015 11:50:27 UTC] PHP   2. mysql_fetch_array() /home/ubuntu/workspace/php/prueba.php:19
[22-Sep-2015 11:50:27 UTC] PHP Warning:  mysql_fetch_array() expects parameter 1 to be resource, boolean given in /home/ubuntu/workspace/php/prueba.php on line 19
[22-Sep-2015 11:50:27 UTC] PHP Stack trace:
[22-Sep-2015 11:50:27 UTC] PHP   1. {main}() /home/ubuntu/workspace/php/prueba.php:0
[22-Sep-2015 11:50:27 UTC] PHP   2. mysql_fetch_array() /home/ubuntu/workspace/php/prueba.php:19
[22-Sep-2015 11:50:27 UTC] PHP Warning:  mysql_fetch_array() expects parameter 1 to be resource, boolean given in /home/ubuntu/workspace/php/prueba.php on line 19
[22-Sep-2015 11:50:27 UTC] PHP Stack trace:
[22-Sep-2015 11:50:27 UTC] PHP   1. {main}() /home/ubuntu/workspace/php/prueba.php:0
[22-Sep-2015 11:50:27 UTC] PHP   2. mysql_fetch_array() /home/ubuntu/workspace/php/prueba.php:19
[22-Sep-2015 11:50:27 UTC] PHP Warning:  mysql_fetch_array() expects parameter 1 to be resource, boolean given in /home/ubuntu/workspace/php/prueba.php on line 19
[22-Sep-2015 11:50:27 UTC] PHP Stack trace:
[22-Sep-2015 11:50:27 UTC] PHP   1. {main}() /home/ubuntu/workspace/php/prueba.php:0
[22-Sep-2015 11:50:27 UTC] PHP   2. mysql_fetch_array() /home/ubuntu/workspace/php/prueba.php:19
[22-Sep-2015 11:50:27 UTC] PHP Warning:  mysql_fetch_array() expects parameter 1 to be resource, boolean given in /home/ubuntu/workspace/php/prueba.php on line 19
[22-Sep-2015 11:50:27 UTC] PHP Stack trace:
[22-Sep-2015 11:50:27 UTC] PHP   1. {main}() /home/ubuntu/workspace/php/prueba.php:0
[22-Sep-2015 11:50:27 UTC] PHP   2. mysql_fetch_array() /home/ubuntu/workspace/php/prueba.php:19
[22-Sep-2015 11:50:27 UTC] PHP Warning:  mysql_fetch_array() expects parameter 1 to be resource, boolean given in /home/ubuntu/workspace/php/prueba.php on line 19
[22-Sep-2015 11:50:27 UTC] PHP Stack trace:
[22-Sep-2015 11:50:27 UTC] PHP   1. {main}() /home/ubuntu/workspace/php/prueba.php:0
[22-Sep-2015 11:50:27 UTC] PHP   2. mysql_fetch_array() /home/ubuntu/workspace/php/prueba.php:19
[22-Sep-2015 11:50:27 UTC] PHP Warning:  mysql_fetch_array() expects parameter 1 to be resource, boolean given in /home/ubuntu/workspace/php/prueba.php on line 19
[22-Sep-2015 11:50:27 UTC] PHP Stack trace:
[22-Sep-2015 11:50:27 UTC] PHP   1. {main}() /home/ubuntu/workspace/php/prueba.php:0
[22-Sep-2015 11:50:27 UTC] PHP   2. mysql_fetch_array() /home/ubuntu/workspace/php/prueba.php:19
[22-Sep-2015 11:50:27 UTC] PHP Warning:  mysql_fetch_array() expects parameter 1 to be resource, boolean given in /home/ubuntu/workspace/php/prueba.php on line 19
[22-Sep-2015 11:50:27 UTC] PHP Stack trace:
[22-Sep-2015 11:50:27 UTC] PHP   1. {main}() /home/ubuntu/workspace/php/prueba.php:0
[22-Sep-2015 11:50:27 UTC] PHP   2. mysql_fetch_array() /home/ubuntu/workspace/php/prueba.php:19
[22-Sep-2015 11:50:27 UTC] PHP Warning:  mysql_fetch_array() expects parameter 1 to be resource, boolean given in /home/ubuntu/workspace/php/prueba.php on line 19
[22-Sep-2015 11:50:27 UTC] PHP Stack trace:
[22-Sep-2015 11:50:27 UTC] PHP   1. {main}() /home/ubuntu/workspace/php/prueba.php:0
[22-Sep-2015 11:50:27 UTC] PHP   2. mysql_fetch_array() /home/ubuntu/workspace/php/prueba.php:19
[22-Sep-2015 11:50:27 UTC] PHP Warning:  mysql_fetch_array() expects parameter 1 to be resource, boolean given in /home/ubuntu/workspace/php/prueba.php on line 19
[22-Sep-2015 11:50:27 UTC] PHP Stack trace:
[22-Sep-2015 11:50:27 UTC] PHP   1. {main}() /home/ubuntu/workspace/php/prueba.php:0
[22-Sep-2015 11:50:27 UTC] PHP   2. mysql_fetch_array() /home/ubuntu/workspace/php/prueba.php:19
[22-Sep-2015 11:50:27 UTC] PHP Warning:  mysql_fetch_array() expects parameter 1 to be resource, boolean given in /home/ubuntu/workspace/php/prueba.php on line 19
[22-Sep-2015 11:50:27 UTC] PHP Stack trace:
[22-Sep-2015 11:50:27 UTC] PHP   1. {main}() /home/ubuntu/workspace/php/prueba.php:0
[22-Sep-2015 11:50:27 UTC] PHP   2. mysql_fetch_array() /home/ubuntu/workspace/php/prueba.php:19
[22-Sep-2015 11:50:27 UTC] PHP Warning:  mysql_fetch_array() expects parameter 1 to be resource, boolean given in /home/ubuntu/workspace/php/prueba.php on line 19
[22-Sep-2015 11:50:27 UTC] PHP Stack trace:
[22-Sep-2015 11:50:27 UTC] PHP   1. {main}() /home/ubuntu/workspace/php/prueba.php:0
[22-Sep-2015 11:50:27 UTC] PHP   2. mysql_fetch_array() /home/ubuntu/workspace/php/prueba.php:19
[22-Sep-2015 11:50:28 UTC] PHP Warning:  mysql_fetch_array() expects parameter 1 to be resource, boolean given in /home/ubuntu/workspace/php/prueba.php on line 19
[22-Sep-2015 11:50:28 UTC] PHP Stack trace:
[22-Sep-2015 11:50:28 UTC] PHP   1. {main}() /home/ubuntu/workspace/php/prueba.php:0
[22-Sep-2015 11:50:28 UTC] PHP   2. mysql_fetch_array() /home/ubuntu/workspace/php/prueba.php:19
[22-Sep-2015 11:50:28 UTC] PHP Warning:  mysql_fetch_array() expects parameter 1 to be resource, boolean given in /home/ubuntu/workspace/php/prueba.php on line 19
[22-Sep-2015 11:50:28 UTC] PHP Stack trace:
[22-Sep-2015 11:50:28 UTC] PHP   1. {main}() /home/ubuntu/workspace/php/prueba.php:0
[22-Sep-2015 11:50:28 UTC] PHP   2. mysql_fetch_array() /home/ubuntu/workspace/php/prueba.php:19
[22-Sep-2015 11:50:28 UTC] PHP Warning:  mysql_fetch_array() expects parameter 1 to be resource, boolean given in /home/ubuntu/workspace/php/prueba.php on line 19
[22-Sep-2015 11:50:28 UTC] PHP Stack trace:
[22-Sep-2015 11:50:28 UTC] PHP   1. {main}() /home/ubuntu/workspace/php/prueba.php:0
[22-Sep-2015 11:50:28 UTC] PHP   2. mysql_fetch_array() /home/ubuntu/workspace/php/prueba.php:19
[22-Sep-2015 11:50:28 UTC] PHP Warning:  mysql_fetch_array() expects parameter 1 to be resource, boolean given in /home/ubuntu/workspace/php/prueba.php on line 19
[22-Sep-2015 11:50:28 UTC] PHP Stack trace:
[22-Sep-2015 11:50:28 UTC] PHP   1. {main}() /home/ubuntu/workspace/php/prueba.php:0
[22-Sep-2015 11:50:28 UTC] PHP   2. mysql_fetch_array() /home/ubuntu/workspace/php/prueba.php:19
[22-Sep-2015 11:50:28 UTC] PHP Warning:  mysql_fetch_array() expects parameter 1 to be resource, boolean given in /home/ubuntu/workspace/php/prueba.php on line 19
[22-Sep-2015 11:50:28 UTC] PHP Stack trace:
[22-Sep-2015 11:50:28 UTC] PHP   1. {main}() /home/ubuntu/workspace/php/prueba.php:0
[22-Sep-2015 11:50:28 UTC] PHP   2. mysql_fetch_array() /home/ubuntu/workspace/php/prueba.php:19
[22-Sep-2015 11:50:28 UTC] PHP Warning:  mysql_fetch_array() expects parameter 1 to be resource, boolean given in /home/ubuntu/workspace/php/prueba.php on line 19
[22-Sep-2015 11:50:28 UTC] PHP Stack trace:
[22-Sep-2015 11:50:28 UTC] PHP   1. {main}() /home/ubuntu/workspace/php/prueba.php:0
[22-Sep-2015 11:50:28 UTC] PHP   2. mysql_fetch_array() /home/ubuntu/workspace/php/prueba.php:19
[22-Sep-2015 11:50:28 UTC] PHP Warning:  mysql_fetch_array() expects parameter 1 to be resource, boolean given in /home/ubuntu/workspace/php/prueba.php on line 19
[22-Sep-2015 11:50:28 UTC] PHP Stack trace:
[22-Sep-2015 11:50:28 UTC] PHP   1. {main}() /home/ubuntu/workspace/php/prueba.php:0
[22-Sep-2015 11:50:28 UTC] PHP   2. mysql_fetch_array() /home/ubuntu/workspace/php/prueba.php:19
[22-Sep-2015 11:50:28 UTC] PHP Warning:  mysql_fetch_array() expects parameter 1 to be resource, boolean given in /home/ubuntu/workspace/php/prueba.php on line 19
[22-Sep-2015 11:50:28 UTC] PHP Stack trace:
[22-Sep-2015 11:50:28 UTC] PHP   1. {main}() /home/ubuntu/workspace/php/prueba.php:0
[22-Sep-2015 11:50:28 UTC] PHP   2. mysql_fetch_array() /home/ubuntu/workspace/php/prueba.php:19
[22-Sep-2015 11:50:28 UTC] PHP Warning:  mysql_fetch_array() expects parameter 1 to be resource, boolean given in /home/ubuntu/workspace/php/prueba.php on line 19
[22-Sep-2015 11:50:28 UTC] PHP Stack trace:
[22-Sep-2015 11:50:28 UTC] PHP   1. {main}() /home/ubuntu/workspace/php/prueba.php:0
[22-Sep-2015 11:50:28 UTC] PHP   2. mysql_fetch_array() /home/ubuntu/workspace/php/prueba.php:19
[22-Sep-2015 11:50:28 UTC] PHP Warning:  mysql_fetch_array() expects parameter 1 to be resource, boolean given in /home/ubuntu/workspace/php/prueba.php on line 19
[22-Sep-2015 11:50:28 UTC] PHP Stack trace:
[22-Sep-2015 11:50:28 UTC] PHP   1. {main}() /home/ubuntu/workspace/php/prueba.php:0
[22-Sep-2015 11:50:28 UTC] PHP   2. mysql_fetch_array() /home/ubuntu/workspace/php/prueba.php:19
[22-Sep-2015 11:50:28 UTC] PHP Warning:  mysql_fetch_array() expects parameter 1 to be resource, boolean given in /home/ubuntu/workspace/php/prueba.php on line 19
[22-Sep-2015 11:50:28 UTC] PHP Stack trace:
[22-Sep-2015 11:50:28 UTC] PHP   1. {main}() /home/ubuntu/workspace/php/prueba.php:0
[22-Sep-2015 11:50:28 UTC] PHP   2. mysql_fetch_array() /home/ubuntu/workspace/php/prueba.php:19
[22-Sep-2015 11:50:28 UTC] PHP Warning:  mysql_fetch_array() expects parameter 1 to be resource, boolean given in /home/ubuntu/workspace/php/prueba.php on line 19
[22-Sep-2015 11:50:28 UTC] PHP Stack trace:
[22-Sep-2015 11:50:28 UTC] PHP   1. {main}() /home/ubuntu/workspace/php/prueba.php:0
[22-Sep-2015 11:50:28 UTC] PHP   2. mysql_fetch_array() /home/ubuntu/workspace/php/prueba.php:19
[22-Sep-2015 11:50:28 UTC] PHP Warning:  mysql_fetch_array() expects parameter 1 to be resource, boolean given in /home/ubuntu/workspace/php/prueba.php on line 19
[22-Sep-2015 11:50:28 UTC] PHP Stack trace:
[22-Sep-2015 11:50:28 UTC] PHP   1. {main}() /home/ubuntu/workspace/php/prueba.php:0
[22-Sep-2015 11:50:28 UTC] PHP   2. mysql_fetch_array() /home/ubuntu/workspace/php/prueba.php:19
[22-Sep-2015 11:50:28 UTC] PHP Warning:  mysql_fetch_array() expects parameter 1 to be resource, boolean given in /home/ubuntu/workspace/php/prueba.php on line 19
[22-Sep-2015 11:50:28 UTC] PHP Stack trace:
[22-Sep-2015 11:50:28 UTC] PHP   1. {main}() /home/ubuntu/workspace/php/prueba.php:0
[22-Sep-2015 11:50:28 UTC] PHP   2. mysql_fetch_array() /home/ubuntu/workspace/php/prueba.php:19
[22-Sep-2015 11:50:28 UTC] PHP Warning:  mysql_fetch_array() expects parameter 1 to be resource, boolean given in /home/ubuntu/workspace/php/prueba.php on line 19
[22-Sep-2015 11:50:28 UTC] PHP Stack trace:
[22-Sep-2015 11:50:28 UTC] PHP   1. {main}() /home/ubuntu/workspace/php/prueba.php:0
[22-Sep-2015 11:50:28 UTC] PHP   2. mysql_fetch_array() /home/ubuntu/workspace/php/prueba.php:19
[22-Sep-2015 11:50:28 UTC] PHP Warning:  mysql_fetch_array() expects parameter 1 to be resource, boolean given in /home/ubuntu/workspace/php/prueba.php on line 19
[22-Sep-2015 11:50:28 UTC] PHP Stack trace:
[22-Sep-2015 11:50:28 UTC] PHP   1. {main}() /home/ubuntu/workspace/php/prueba.php:0
[22-Sep-2015 11:50:28 UTC] PHP   2. mysql_fetch_array() /home/ubuntu/workspace/php/prueba.php:19
[22-Sep-2015 11:50:29 UTC] PHP Warning:  mysql_fetch_array() expects parameter 1 to be resource, boolean given in /home/ubuntu/workspace/php/prueba.php on line 19
[22-Sep-2015 11:50:29 UTC] PHP Stack trace:
[22-Sep-2015 11:50:29 UTC] PHP   1. {main}() /home/ubuntu/workspace/php/prueba.php:0
[22-Sep-2015 11:50:29 UTC] PHP   2. mysql_fetch_array() /home/ubuntu/workspace/php/prueba.php:19
[22-Sep-2015 11:50:29 UTC] PHP Warning:  mysql_fetch_array() expects parameter 1 to be resource, boolean given in /home/ubuntu/workspace/php/prueba.php on line 19
[22-Sep-2015 11:50:29 UTC] PHP Stack trace:
[22-Sep-2015 11:50:29 UTC] PHP   1. {main}() /home/ubuntu/workspace/php/prueba.php:0
[22-Sep-2015 11:50:29 UTC] PHP   2. mysql_fetch_array() /home/ubuntu/workspace/php/prueba.php:19
[22-Sep-2015 11:50:29 UTC] PHP Warning:  mysql_fetch_array() expects parameter 1 to be resource, boolean given in /home/ubuntu/workspace/php/prueba.php on line 19
[22-Sep-2015 11:50:29 UTC] PHP Stack trace:
[22-Sep-2015 11:50:29 UTC] PHP   1. {main}() /home/ubuntu/workspace/php/prueba.php:0
[22-Sep-2015 11:50:29 UTC] PHP   2. mysql_fetch_array() /home/ubuntu/workspace/php/prueba.php:19
[22-Sep-2015 11:50:29 UTC] PHP Warning:  mysql_fetch_array() expects parameter 1 to be resource, boolean given in /home/ubuntu/workspace/php/prueba.php on line 19
[22-Sep-2015 11:50:29 UTC] PHP Stack trace:
[22-Sep-2015 11:50:29 UTC] PHP   1. {main}() /home/ubuntu/workspace/php/prueba.php:0
[22-Sep-2015 11:50:29 UTC] PHP   2. mysql_fetch_array() /home/ubuntu/workspace/php/prueba.php:19
[22-Sep-2015 11:50:29 UTC] PHP Warning:  mysql_fetch_array() expects parameter 1 to be resource, boolean given in /home/ubuntu/workspace/php/prueba.php on line 19
[22-Sep-2015 11:50:29 UTC] PHP Stack trace:
[22-Sep-2015 11:50:29 UTC] PHP   1. {main}() /home/ubuntu/workspace/php/prueba.php:0
[22-Sep-2015 11:50:29 UTC] PHP   2. mysql_fetch_array() /home/ubuntu/workspace/php/prueba.php:19
[22-Sep-2015 11:50:29 UTC] PHP Warning:  mysql_fetch_array() expects parameter 1 to be resource, boolean given in /home/ubuntu/workspace/php/prueba.php on line 19
[22-Sep-2015 11:50:29 UTC] PHP Stack trace:
[22-Sep-2015 11:50:29 UTC] PHP   1. {main}() /home/ubuntu/workspace/php/prueba.php:0
[22-Sep-2015 11:50:29 UTC] PHP   2. mysql_fetch_array() /home/ubuntu/workspace/php/prueba.php:19
[22-Sep-2015 11:50:29 UTC] PHP Warning:  mysql_fetch_array() expects parameter 1 to be resource, boolean given in /home/ubuntu/workspace/php/prueba.php on line 19
[22-Sep-2015 11:50:29 UTC] PHP Stack trace:
[22-Sep-2015 11:50:29 UTC] PHP   1. {main}() /home/ubuntu/workspace/php/prueba.php:0
[22-Sep-2015 11:50:29 UTC] PHP   2. mysql_fetch_array() /home/ubuntu/workspace/php/prueba.php:19
[22-Sep-2015 11:50:29 UTC] PHP Warning:  mysql_fetch_array() expects parameter 1 to be resource, boolean given in /home/ubuntu/workspace/php/prueba.php on line 19
[22-Sep-2015 11:50:29 UTC] PHP Stack trace:
[22-Sep-2015 11:50:29 UTC] PHP   1. {main}() /home/ubuntu/workspace/php/prueba.php:0
[22-Sep-2015 11:50:29 UTC] PHP   2. mysql_fetch_array() /home/ubuntu/workspace/php/prueba.php:19
[22-Sep-2015 11:50:29 UTC] PHP Warning:  mysql_fetch_array() expects parameter 1 to be resource, boolean given in /home/ubuntu/workspace/php/prueba.php on line 19
[22-Sep-2015 11:50:29 UTC] PHP Stack trace:
[22-Sep-2015 11:50:29 UTC] PHP   1. {main}() /home/ubuntu/workspace/php/prueba.php:0
[22-Sep-2015 11:50:29 UTC] PHP   2. mysql_fetch_array() /home/ubuntu/workspace/php/prueba.php:19
[22-Sep-2015 11:50:29 UTC] PHP Warning:  mysql_fetch_array() expects parameter 1 to be resource, boolean given in /home/ubuntu/workspace/php/prueba.php on line 19
[22-Sep-2015 11:50:29 UTC] PHP Stack trace:
[22-Sep-2015 11:50:29 UTC] PHP   1. {main}() /home/ubuntu/workspace/php/prueba.php:0
[22-Sep-2015 11:50:29 UTC] PHP   2. mysql_fetch_array() /home/ubuntu/workspace/php/prueba.php:19
[22-Sep-2015 11:50:29 UTC] PHP Warning:  mysql_fetch_array() expects parameter 1 to be resource, boolean given in /home/ubuntu/workspace/php/prueba.php on line 19
[22-Sep-2015 11:50:29 UTC] PHP Stack trace:
[22-Sep-2015 11:50:29 UTC] PHP   1. {main}() /home/ubuntu/workspace/php/prueba.php:0
[22-Sep-2015 11:50:29 UTC] PHP   2. mysql_fetch_array() /home/ubuntu/workspace/php/prueba.php:19
[22-Sep-2015 11:50:29 UTC] PHP Warning:  mysql_fetch_array() expects parameter 1 to be resource, boolean given in /home/ubuntu/workspace/php/prueba.php on line 19
[22-Sep-2015 11:50:29 UTC] PHP Stack trace:
[22-Sep-2015 11:50:29 UTC] PHP   1. {main}() /home/ubuntu/workspace/php/prueba.php:0
[22-Sep-2015 11:50:29 UTC] PHP   2. mysql_fetch_array() /home/ubuntu/workspace/php/prueba.php:19
[22-Sep-2015 11:50:29 UTC] PHP Warning:  mysql_fetch_array() expects parameter 1 to be resource, boolean given in /home/ubuntu/workspace/php/prueba.php on line 19
[22-Sep-2015 11:50:29 UTC] PHP Stack trace:
[22-Sep-2015 11:50:29 UTC] PHP   1. {main}() /home/ubuntu/workspace/php/prueba.php:0
[22-Sep-2015 11:50:29 UTC] PHP   2. mysql_fetch_array() /home/ubuntu/workspace/php/prueba.php:19
[22-Sep-2015 11:50:29 UTC] PHP Warning:  mysql_fetch_array() expects parameter 1 to be resource, boolean given in /home/ubuntu/workspace/php/prueba.php on line 19
[22-Sep-2015 11:50:29 UTC] PHP Stack trace:
[22-Sep-2015 11:50:29 UTC] PHP   1. {main}() /home/ubuntu/workspace/php/prueba.php:0
[22-Sep-2015 11:50:29 UTC] PHP   2. mysql_fetch_array() /home/ubuntu/workspace/php/prueba.php:19
[22-Sep-2015 11:50:29 UTC] PHP Warning:  mysql_fetch_array() expects parameter 1 to be resource, boolean given in /home/ubuntu/workspace/php/prueba.php on line 19
[22-Sep-2015 11:50:29 UTC] PHP Stack trace:
[22-Sep-2015 11:50:29 UTC] PHP   1. {main}() /home/ubuntu/workspace/php/prueba.php:0
[22-Sep-2015 11:50:29 UTC] PHP   2. mysql_fetch_array() /home/ubuntu/workspace/php/prueba.php:19
[22-Sep-2015 11:50:29 UTC] PHP Warning:  mysql_fetch_array() expects parameter 1 to be resource, boolean given in /home/ubuntu/workspace/php/prueba.php on line 19
[22-Sep-2015 11:50:29 UTC] PHP Stack trace:
[22-Sep-2015 11:50:29 UTC] PHP   1. {main}() /home/ubuntu/workspace/php/prueba.php:0
[22-Sep-2015 11:50:29 UTC] PHP   2. mysql_fetch_array() /home/ubuntu/workspace/php/prueba.php:19
[22-Sep-2015 11:50:30 UTC] PHP Warning:  mysql_fetch_array() expects parameter 1 to be resource, boolean given in /home/ubuntu/workspace/php/prueba.php on line 19
[22-Sep-2015 11:50:30 UTC] PHP Stack trace:
[22-Sep-2015 11:50:30 UTC] PHP   1. {main}() /home/ubuntu/workspace/php/prueba.php:0
[22-Sep-2015 11:50:30 UTC] PHP   2. mysql_fetch_array() /home/ubuntu/workspace/php/prueba.php:19
[22-Sep-2015 11:50:30 UTC] PHP Warning:  mysql_fetch_array() expects parameter 1 to be resource, boolean given in /home/ubuntu/workspace/php/prueba.php on line 19
[22-Sep-2015 11:50:30 UTC] PHP Stack trace:
[22-Sep-2015 11:50:30 UTC] PHP   1. {main}() /home/ubuntu/workspace/php/prueba.php:0
[22-Sep-2015 11:50:30 UTC] PHP   2. mysql_fetch_array() /home/ubuntu/workspace/php/prueba.php:19
[22-Sep-2015 11:50:30 UTC] PHP Warning:  mysql_fetch_array() expects parameter 1 to be resource, boolean given in /home/ubuntu/workspace/php/prueba.php on line 19
[22-Sep-2015 11:50:30 UTC] PHP Stack trace:
[22-Sep-2015 11:50:30 UTC] PHP   1. {main}() /home/ubuntu/workspace/php/prueba.php:0
[22-Sep-2015 11:50:30 UTC] PHP   2. mysql_fetch_array() /home/ubuntu/workspace/php/prueba.php:19
[22-Sep-2015 11:50:30 UTC] PHP Warning:  mysql_fetch_array() expects parameter 1 to be resource, boolean given in /home/ubuntu/workspace/php/prueba.php on line 19
[22-Sep-2015 11:50:30 UTC] PHP Stack trace:
[22-Sep-2015 11:50:30 UTC] PHP   1. {main}() /home/ubuntu/workspace/php/prueba.php:0
[22-Sep-2015 11:50:30 UTC] PHP   2. mysql_fetch_array() /home/ubuntu/workspace/php/prueba.php:19
[22-Sep-2015 11:50:30 UTC] PHP Warning:  mysql_fetch_array() expects parameter 1 to be resource, boolean given in /home/ubuntu/workspace/php/prueba.php on line 19
[22-Sep-2015 11:50:30 UTC] PHP Stack trace:
[22-Sep-2015 11:50:30 UTC] PHP   1. {main}() /home/ubuntu/workspace/php/prueba.php:0
[22-Sep-2015 11:50:30 UTC] PHP   2. mysql_fetch_array() /home/ubuntu/workspace/php/prueba.php:19
[22-Sep-2015 11:50:30 UTC] PHP Warning:  mysql_fetch_array() expects parameter 1 to be resource, boolean given in /home/ubuntu/workspace/php/prueba.php on line 19
[22-Sep-2015 11:50:30 UTC] PHP Stack trace:
[22-Sep-2015 11:50:30 UTC] PHP   1. {main}() /home/ubuntu/workspace/php/prueba.php:0
[22-Sep-2015 11:50:30 UTC] PHP   2. mysql_fetch_array() /home/ubuntu/workspace/php/prueba.php:19
[22-Sep-2015 11:50:30 UTC] PHP Warning:  mysql_fetch_array() expects parameter 1 to be resource, boolean given in /home/ubuntu/workspace/php/prueba.php on line 19
[22-Sep-2015 11:50:30 UTC] PHP Stack trace:
[22-Sep-2015 11:50:30 UTC] PHP   1. {main}() /home/ubuntu/workspace/php/prueba.php:0
[22-Sep-2015 11:50:30 UTC] PHP   2. mysql_fetch_array() /home/ubuntu/workspace/php/prueba.php:19
[22-Sep-2015 11:50:30 UTC] PHP Warning:  mysql_fetch_array() expects parameter 1 to be resource, boolean given in /home/ubuntu/workspace/php/prueba.php on line 19
[22-Sep-2015 11:50:30 UTC] PHP Stack trace:
[22-Sep-2015 11:50:30 UTC] PHP   1. {main}() /home/ubuntu/workspace/php/prueba.php:0
[22-Sep-2015 11:50:30 UTC] PHP   2. mysql_fetch_array() /home/ubuntu/workspace/php/prueba.php:19
[22-Sep-2015 11:50:30 UTC] PHP Warning:  mysql_fetch_array() expects parameter 1 to be resource, boolean given in /home/ubuntu/workspace/php/prueba.php on line 19
[22-Sep-2015 11:50:30 UTC] PHP Stack trace:
[22-Sep-2015 11:50:30 UTC] PHP   1. {main}() /home/ubuntu/workspace/php/prueba.php:0
[22-Sep-2015 11:50:30 UTC] PHP   2. mysql_fetch_array() /home/ubuntu/workspace/php/prueba.php:19
[22-Sep-2015 11:50:30 UTC] PHP Warning:  mysql_fetch_array() expects parameter 1 to be resource, boolean given in /home/ubuntu/workspace/php/prueba.php on line 19
[22-Sep-2015 11:50:30 UTC] PHP Stack trace:
[22-Sep-2015 11:50:30 UTC] PHP   1. {main}() /home/ubuntu/workspace/php/prueba.php:0
[22-Sep-2015 11:50:30 UTC] PHP   2. mysql_fetch_array() /home/ubuntu/workspace/php/prueba.php:19
[22-Sep-2015 11:50:30 UTC] PHP Warning:  mysql_fetch_array() expects parameter 1 to be resource, boolean given in /home/ubuntu/workspace/php/prueba.php on line 19
[22-Sep-2015 11:50:30 UTC] PHP Stack trace:
[22-Sep-2015 11:50:30 UTC] PHP   1. {main}() /home/ubuntu/workspace/php/prueba.php:0
[22-Sep-2015 11:50:30 UTC] PHP   2. mysql_fetch_array() /home/ubuntu/workspace/php/prueba.php:19
[22-Sep-2015 11:50:30 UTC] PHP Warning:  mysql_fetch_array() expects parameter 1 to be resource, boolean given in /home/ubuntu/workspace/php/prueba.php on line 19
[22-Sep-2015 11:50:30 UTC] PHP Stack trace:
[22-Sep-2015 11:50:30 UTC] PHP   1. {main}() /home/ubuntu/workspace/php/prueba.php:0
[22-Sep-2015 11:50:30 UTC] PHP   2. mysql_fetch_array() /home/ubuntu/workspace/php/prueba.php:19
[22-Sep-2015 11:50:30 UTC] PHP Warning:  mysql_fetch_array() expects parameter 1 to be resource, boolean given in /home/ubuntu/workspace/php/prueba.php on line 19
[22-Sep-2015 11:50:30 UTC] PHP Stack trace:
[22-Sep-2015 11:50:30 UTC] PHP   1. {main}() /home/ubuntu/workspace/php/prueba.php:0
[22-Sep-2015 11:50:30 UTC] PHP   2. mysql_fetch_array() /home/ubuntu/workspace/php/prueba.php:19
[22-Sep-2015 11:50:30 UTC] PHP Warning:  mysql_fetch_array() expects parameter 1 to be resource, boolean given in /home/ubuntu/workspace/php/prueba.php on line 19
[22-Sep-2015 11:50:30 UTC] PHP Stack trace:
[22-Sep-2015 11:50:30 UTC] PHP   1. {main}() /home/ubuntu/workspace/php/prueba.php:0
[22-Sep-2015 11:50:30 UTC] PHP   2. mysql_fetch_array() /home/ubuntu/workspace/php/prueba.php:19
[22-Sep-2015 11:50:30 UTC] PHP Warning:  mysql_fetch_array() expects parameter 1 to be resource, boolean given in /home/ubuntu/workspace/php/prueba.php on line 19
[22-Sep-2015 11:50:30 UTC] PHP Stack trace:
[22-Sep-2015 11:50:30 UTC] PHP   1. {main}() /home/ubuntu/workspace/php/prueba.php:0
[22-Sep-2015 11:50:30 UTC] PHP   2. mysql_fetch_array() /home/ubuntu/workspace/php/prueba.php:19
[22-Sep-2015 11:50:30 UTC] PHP Warning:  mysql_fetch_array() expects parameter 1 to be resource, boolean given in /home/ubuntu/workspace/php/prueba.php on line 19
[22-Sep-2015 11:50:30 UTC] PHP Stack trace:
[22-Sep-2015 11:50:30 UTC] PHP   1. {main}() /home/ubuntu/workspace/php/prueba.php:0
[22-Sep-2015 11:50:30 UTC] PHP   2. mysql_fetch_array() /home/ubuntu/workspace/php/prueba.php:19
[22-Sep-2015 11:50:31 UTC] PHP Warning:  mysql_fetch_array() expects parameter 1 to be resource, boolean given in /home/ubuntu/workspace/php/prueba.php on line 19
[22-Sep-2015 11:50:31 UTC] PHP Stack trace:
[22-Sep-2015 11:50:31 UTC] PHP   1. {main}() /home/ubuntu/workspace/php/prueba.php:0
[22-Sep-2015 11:50:31 UTC] PHP   2. mysql_fetch_array() /home/ubuntu/workspace/php/prueba.php:19
[22-Sep-2015 11:50:31 UTC] PHP Warning:  mysql_fetch_array() expects parameter 1 to be resource, boolean given in /home/ubuntu/workspace/php/prueba.php on line 19
[22-Sep-2015 11:50:31 UTC] PHP Stack trace:
[22-Sep-2015 11:50:31 UTC] PHP   1. {main}() /home/ubuntu/workspace/php/prueba.php:0
[22-Sep-2015 11:50:31 UTC] PHP   2. mysql_fetch_array() /home/ubuntu/workspace/php/prueba.php:19
[22-Sep-2015 11:50:31 UTC] PHP Warning:  mysql_fetch_array() expects parameter 1 to be resource, boolean given in /home/ubuntu/workspace/php/prueba.php on line 19
[22-Sep-2015 11:50:31 UTC] PHP Stack trace:
[22-Sep-2015 11:50:31 UTC] PHP   1. {main}() /home/ubuntu/workspace/php/prueba.php:0
[22-Sep-2015 11:50:31 UTC] PHP   2. mysql_fetch_array() /home/ubuntu/workspace/php/prueba.php:19
[22-Sep-2015 11:50:31 UTC] PHP Warning:  mysql_fetch_array() expects parameter 1 to be resource, boolean given in /home/ubuntu/workspace/php/prueba.php on line 19
[22-Sep-2015 11:50:31 UTC] PHP Stack trace:
[22-Sep-2015 11:50:31 UTC] PHP   1. {main}() /home/ubuntu/workspace/php/prueba.php:0
[22-Sep-2015 11:50:31 UTC] PHP   2. mysql_fetch_array() /home/ubuntu/workspace/php/prueba.php:19
[22-Sep-2015 11:50:31 UTC] PHP Warning:  mysql_fetch_array() expects parameter 1 to be resource, boolean given in /home/ubuntu/workspace/php/prueba.php on line 19
[22-Sep-2015 11:50:31 UTC] PHP Stack trace:
[22-Sep-2015 11:50:31 UTC] PHP   1. {main}() /home/ubuntu/workspace/php/prueba.php:0
[22-Sep-2015 11:50:31 UTC] PHP   2. mysql_fetch_array() /home/ubuntu/workspace/php/prueba.php:19
[22-Sep-2015 11:50:31 UTC] PHP Warning:  mysql_fetch_array() expects parameter 1 to be resource, boolean given in /home/ubuntu/workspace/php/prueba.php on line 19
[22-Sep-2015 11:50:31 UTC] PHP Stack trace:
[22-Sep-2015 11:50:31 UTC] PHP   1. {main}() /home/ubuntu/workspace/php/prueba.php:0
[22-Sep-2015 11:50:31 UTC] PHP   2. mysql_fetch_array() /home/ubuntu/workspace/php/prueba.php:19
[22-Sep-2015 11:50:31 UTC] PHP Warning:  mysql_fetch_array() expects parameter 1 to be resource, boolean given in /home/ubuntu/workspace/php/prueba.php on line 19
[22-Sep-2015 11:50:31 UTC] PHP Stack trace:
[22-Sep-2015 11:50:31 UTC] PHP   1. {main}() /home/ubuntu/workspace/php/prueba.php:0
[22-Sep-2015 11:50:31 UTC] PHP   2. mysql_fetch_array() /home/ubuntu/workspace/php/prueba.php:19
[22-Sep-2015 11:50:31 UTC] PHP Warning:  mysql_fetch_array() expects parameter 1 to be resource, boolean given in /home/ubuntu/workspace/php/prueba.php on line 19
[22-Sep-2015 11:50:31 UTC] PHP Stack trace:
[22-Sep-2015 11:50:31 UTC] PHP   1. {main}() /home/ubuntu/workspace/php/prueba.php:0
[22-Sep-2015 11:50:31 UTC] PHP   2. mysql_fetch_array() /home/ubuntu/workspace/php/prueba.php:19
[22-Sep-2015 11:50:31 UTC] PHP Warning:  mysql_fetch_array() expects parameter 1 to be resource, boolean given in /home/ubuntu/workspace/php/prueba.php on line 19
[22-Sep-2015 11:50:31 UTC] PHP Stack trace:
[22-Sep-2015 11:50:31 UTC] PHP   1. {main}() /home/ubuntu/workspace/php/prueba.php:0
[22-Sep-2015 11:50:31 UTC] PHP   2. mysql_fetch_array() /home/ubuntu/workspace/php/prueba.php:19
[22-Sep-2015 11:50:31 UTC] PHP Warning:  mysql_fetch_array() expects parameter 1 to be resource, boolean given in /home/ubuntu/workspace/php/prueba.php on line 19
[22-Sep-2015 11:50:31 UTC] PHP Stack trace:
[22-Sep-2015 11:50:31 UTC] PHP   1. {main}() /home/ubuntu/workspace/php/prueba.php:0
[22-Sep-2015 11:50:31 UTC] PHP   2. mysql_fetch_array() /home/ubuntu/workspace/php/prueba.php:19
[22-Sep-2015 11:50:31 UTC] PHP Warning:  mysql_fetch_array() expects parameter 1 to be resource, boolean given in /home/ubuntu/workspace/php/prueba.php on line 19
[22-Sep-2015 11:50:31 UTC] PHP Stack trace:
[22-Sep-2015 11:50:31 UTC] PHP   1. {main}() /home/ubuntu/workspace/php/prueba.php:0
[22-Sep-2015 11:50:31 UTC] PHP   2. mysql_fetch_array() /home/ubuntu/workspace/php/prueba.php:19
[22-Sep-2015 11:50:31 UTC] PHP Warning:  mysql_fetch_array() expects parameter 1 to be resource, boolean given in /home/ubuntu/workspace/php/prueba.php on line 19
[22-Sep-2015 11:50:31 UTC] PHP Stack trace:
[22-Sep-2015 11:50:31 UTC] PHP   1. {main}() /home/ubuntu/workspace/php/prueba.php:0
[22-Sep-2015 11:50:31 UTC] PHP   2. mysql_fetch_array() /home/ubuntu/workspace/php/prueba.php:19
[22-Sep-2015 11:50:31 UTC] PHP Warning:  mysql_fetch_array() expects parameter 1 to be resource, boolean given in /home/ubuntu/workspace/php/prueba.php on line 19
[22-Sep-2015 11:50:31 UTC] PHP Stack trace:
[22-Sep-2015 11:50:31 UTC] PHP   1. {main}() /home/ubuntu/workspace/php/prueba.php:0
[22-Sep-2015 11:50:31 UTC] PHP   2. mysql_fetch_array() /home/ubuntu/workspace/php/prueba.php:19
[22-Sep-2015 11:50:31 UTC] PHP Warning:  mysql_fetch_array() expects parameter 1 to be resource, boolean given in /home/ubuntu/workspace/php/prueba.php on line 19
[22-Sep-2015 11:50:31 UTC] PHP Stack trace:
[22-Sep-2015 11:50:31 UTC] PHP   1. {main}() /home/ubuntu/workspace/php/prueba.php:0
[22-Sep-2015 11:50:31 UTC] PHP   2. mysql_fetch_array() /home/ubuntu/workspace/php/prueba.php:19
[22-Sep-2015 11:50:31 UTC] PHP Warning:  mysql_fetch_array() expects parameter 1 to be resource, boolean given in /home/ubuntu/workspace/php/prueba.php on line 19
[22-Sep-2015 11:50:31 UTC] PHP Stack trace:
[22-Sep-2015 11:50:31 UTC] PHP   1. {main}() /home/ubuntu/workspace/php/prueba.php:0
[22-Sep-2015 11:50:31 UTC] PHP   2. mysql_fetch_array() /home/ubuntu/workspace/php/prueba.php:19
[22-Sep-2015 11:50:31 UTC] PHP Warning:  mysql_fetch_array() expects parameter 1 to be resource, boolean given in /home/ubuntu/workspace/php/prueba.php on line 19
[22-Sep-2015 11:50:31 UTC] PHP Stack trace:
[22-Sep-2015 11:50:31 UTC] PHP   1. {main}() /home/ubuntu/workspace/php/prueba.php:0
[22-Sep-2015 11:50:31 UTC] PHP   2. mysql_fetch_array() /home/ubuntu/workspace/php/prueba.php:19
[22-Sep-2015 11:50:33 UTC] PHP Warning:  mysql_fetch_array() expects parameter 1 to be resource, boolean given in /home/ubuntu/workspace/php/prueba.php on line 19
[22-Sep-2015 11:50:33 UTC] PHP Stack trace:
[22-Sep-2015 11:50:33 UTC] PHP   1. {main}() /home/ubuntu/workspace/php/prueba.php:0
[22-Sep-2015 11:50:33 UTC] PHP   2. mysql_fetch_array() /home/ubuntu/workspace/php/prueba.php:19
[22-Sep-2015 11:50:33 UTC] PHP Warning:  mysql_fetch_array() expects parameter 1 to be resource, boolean given in /home/ubuntu/workspace/php/prueba.php on line 19
[22-Sep-2015 11:50:33 UTC] PHP Stack trace:
[22-Sep-2015 11:50:33 UTC] PHP   1. {main}() /home/ubuntu/workspace/php/prueba.php:0
[22-Sep-2015 11:50:33 UTC] PHP   2. mysql_fetch_array() /home/ubuntu/workspace/php/prueba.php:19
[22-Sep-2015 11:50:33 UTC] PHP Warning:  mysql_fetch_array() expects parameter 1 to be resource, boolean given in /home/ubuntu/workspace/php/prueba.php on line 19
[22-Sep-2015 11:50:33 UTC] PHP Stack trace:
[22-Sep-2015 11:50:33 UTC] PHP   1. {main}() /home/ubuntu/workspace/php/prueba.php:0
[22-Sep-2015 11:50:33 UTC] PHP   2. mysql_fetch_array() /home/ubuntu/workspace/php/prueba.php:19
[22-Sep-2015 11:50:33 UTC] PHP Warning:  mysql_fetch_array() expects parameter 1 to be resource, boolean given in /home/ubuntu/workspace/php/prueba.php on line 19
[22-Sep-2015 11:50:33 UTC] PHP Stack trace:
[22-Sep-2015 11:50:33 UTC] PHP   1. {main}() /home/ubuntu/workspace/php/prueba.php:0
[22-Sep-2015 11:50:33 UTC] PHP   2. mysql_fetch_array() /home/ubuntu/workspace/php/prueba.php:19
[22-Sep-2015 11:50:33 UTC] PHP Warning:  mysql_fetch_array() expects parameter 1 to be resource, boolean given in /home/ubuntu/workspace/php/prueba.php on line 19
[22-Sep-2015 11:50:33 UTC] PHP Stack trace:
[22-Sep-2015 11:50:33 UTC] PHP   1. {main}() /home/ubuntu/workspace/php/prueba.php:0
[22-Sep-2015 11:50:33 UTC] PHP   2. mysql_fetch_array() /home/ubuntu/workspace/php/prueba.php:19
[22-Sep-2015 11:50:33 UTC] PHP Warning:  mysql_fetch_array() expects parameter 1 to be resource, boolean given in /home/ubuntu/workspace/php/prueba.php on line 19
[22-Sep-2015 11:50:33 UTC] PHP Stack trace:
[22-Sep-2015 11:50:33 UTC] PHP   1. {main}() /home/ubuntu/workspace/php/prueba.php:0
[22-Sep-2015 11:50:33 UTC] PHP   2. mysql_fetch_array() /home/ubuntu/workspace/php/prueba.php:19
[22-Sep-2015 11:50:33 UTC] PHP Warning:  mysql_fetch_array() expects parameter 1 to be resource, boolean given in /home/ubuntu/workspace/php/prueba.php on line 19
[22-Sep-2015 11:50:33 UTC] PHP Stack trace:
[22-Sep-2015 11:50:33 UTC] PHP   1. {main}() /home/ubuntu/workspace/php/prueba.php:0
[22-Sep-2015 11:50:33 UTC] PHP   2. mysql_fetch_array() /home/ubuntu/workspace/php/prueba.php:19
[22-Sep-2015 11:50:33 UTC] PHP Warning:  mysql_fetch_array() expects parameter 1 to be resource, boolean given in /home/ubuntu/workspace/php/prueba.php on line 19
[22-Sep-2015 11:50:33 UTC] PHP Stack trace:
[22-Sep-2015 11:50:33 UTC] PHP   1. {main}() /home/ubuntu/workspace/php/prueba.php:0
[22-Sep-2015 11:50:33 UTC] PHP   2. mysql_fetch_array() /home/ubuntu/workspace/php/prueba.php:19
[22-Sep-2015 11:50:33 UTC] PHP Warning:  mysql_fetch_array() expects parameter 1 to be resource, boolean given in /home/ubuntu/workspace/php/prueba.php on line 19
[22-Sep-2015 11:50:33 UTC] PHP Stack trace:
[22-Sep-2015 11:50:33 UTC] PHP   1. {main}() /home/ubuntu/workspace/php/prueba.php:0
[22-Sep-2015 11:50:33 UTC] PHP   2. mysql_fetch_array() /home/ubuntu/workspace/php/prueba.php:19
[22-Sep-2015 11:50:33 UTC] PHP Warning:  mysql_fetch_array() expects parameter 1 to be resource, boolean given in /home/ubuntu/workspace/php/prueba.php on line 19
[22-Sep-2015 11:50:33 UTC] PHP Stack trace:
[22-Sep-2015 11:50:33 UTC] PHP   1. {main}() /home/ubuntu/workspace/php/prueba.php:0
[22-Sep-2015 11:50:33 UTC] PHP   2. mysql_fetch_array() /home/ubuntu/workspace/php/prueba.php:19
[22-Sep-2015 11:50:33 UTC] PHP Warning:  mysql_fetch_array() expects parameter 1 to be resource, boolean given in /home/ubuntu/workspace/php/prueba.php on line 19
[22-Sep-2015 11:50:33 UTC] PHP Stack trace:
[22-Sep-2015 11:50:33 UTC] PHP   1. {main}() /home/ubuntu/workspace/php/prueba.php:0
[22-Sep-2015 11:50:33 UTC] PHP   2. mysql_fetch_array() /home/ubuntu/workspace/php/prueba.php:19
[22-Sep-2015 11:50:33 UTC] PHP Warning:  mysql_fetch_array() expects parameter 1 to be resource, boolean given in /home/ubuntu/workspace/php/prueba.php on line 19
[22-Sep-2015 11:50:33 UTC] PHP Stack trace:
[22-Sep-2015 11:50:33 UTC] PHP   1. {main}() /home/ubuntu/workspace/php/prueba.php:0
[22-Sep-2015 11:50:33 UTC] PHP   2. mysql_fetch_array() /home/ubuntu/workspace/php/prueba.php:19
[22-Sep-2015 11:50:33 UTC] PHP Warning:  mysql_fetch_array() expects parameter 1 to be resource, boolean given in /home/ubuntu/workspace/php/prueba.php on line 19
[22-Sep-2015 11:50:33 UTC] PHP Stack trace:
[22-Sep-2015 11:50:33 UTC] PHP   1. {main}() /home/ubuntu/workspace/php/prueba.php:0
[22-Sep-2015 11:50:33 UTC] PHP   2. mysql_fetch_array() /home/ubuntu/workspace/php/prueba.php:19
[22-Sep-2015 11:50:33 UTC] PHP Warning:  mysql_fetch_array() expects parameter 1 to be resource, boolean given in /home/ubuntu/workspace/php/prueba.php on line 19
[22-Sep-2015 11:50:33 UTC] PHP Stack trace:
[22-Sep-2015 11:50:33 UTC] PHP   1. {main}() /home/ubuntu/workspace/php/prueba.php:0
[22-Sep-2015 11:50:33 UTC] PHP   2. mysql_fetch_array() /home/ubuntu/workspace/php/prueba.php:19
[22-Sep-2015 11:50:33 UTC] PHP Warning:  mysql_fetch_array() expects parameter 1 to be resource, boolean given in /home/ubuntu/workspace/php/prueba.php on line 19
[22-Sep-2015 11:50:33 UTC] PHP Stack trace:
[22-Sep-2015 11:50:33 UTC] PHP   1. {main}() /home/ubuntu/workspace/php/prueba.php:0
[22-Sep-2015 11:50:33 UTC] PHP   2. mysql_fetch_array() /home/ubuntu/workspace/php/prueba.php:19
[22-Sep-2015 11:50:33 UTC] PHP Warning:  mysql_fetch_array() expects parameter 1 to be resource, boolean given in /home/ubuntu/workspace/php/prueba.php on line 19
[22-Sep-2015 11:50:33 UTC] PHP Stack trace:
[22-Sep-2015 11:50:33 UTC] PHP   1. {main}() /home/ubuntu/workspace/php/prueba.php:0
[22-Sep-2015 11:50:33 UTC] PHP   2. mysql_fetch_array() /home/ubuntu/workspace/php/prueba.php:19
[22-Sep-2015 11:51:03 UTC] PHP Parse error:  syntax error, unexpected '}', expecting ',' or ';' in /home/ubuntu/workspace/php/prueba.php on line 27
[24-Sep-2015 06:30:39 UTC] PHP Warning:  mysql_query() expects parameter 2 to be resource, null given in /home/ubuntu/workspace/php/compartir.php on line 14
[24-Sep-2015 06:30:39 UTC] PHP Stack trace:
[24-Sep-2015 06:30:39 UTC] PHP   1. {main}() /home/ubuntu/workspace/php/compartir.php:0
[24-Sep-2015 06:30:39 UTC] PHP   2. mysql_query() /home/ubuntu/workspace/php/compartir.php:14
[24-Sep-2015 06:30:39 UTC] PHP Warning:  mysql_query() expects parameter 2 to be resource, null given in /home/ubuntu/workspace/php/compartir.php on line 17
[24-Sep-2015 06:30:39 UTC] PHP Stack trace:
[24-Sep-2015 06:30:39 UTC] PHP   1. {main}() /home/ubuntu/workspace/php/compartir.php:0
[24-Sep-2015 06:30:39 UTC] PHP   2. mysql_query() /home/ubuntu/workspace/php/compartir.php:17
[24-Sep-2015 06:30:39 UTC] PHP Warning:  mysql_query(): Access denied for user ''@'localhost' (using password: NO) in /home/ubuntu/workspace/php/compartir.php on line 22
[24-Sep-2015 06:30:39 UTC] PHP Stack trace:
[24-Sep-2015 06:30:39 UTC] PHP   1. {main}() /home/ubuntu/workspace/php/compartir.php:0
[24-Sep-2015 06:30:39 UTC] PHP   2. mysql_query() /home/ubuntu/workspace/php/compartir.php:22
[24-Sep-2015 06:30:39 UTC] PHP Warning:  mysql_query(): A link to the server could not be established in /home/ubuntu/workspace/php/compartir.php on line 22
[24-Sep-2015 06:30:39 UTC] PHP Stack trace:
[24-Sep-2015 06:30:39 UTC] PHP   1. {main}() /home/ubuntu/workspace/php/compartir.php:0
[24-Sep-2015 06:30:39 UTC] PHP   2. mysql_query() /home/ubuntu/workspace/php/compartir.php:22
[24-Sep-2015 06:30:47 UTC] PHP Warning:  mysql_query() expects parameter 2 to be resource, null given in /home/ubuntu/workspace/php/compartir.php on line 14
[24-Sep-2015 06:30:47 UTC] PHP Stack trace:
[24-Sep-2015 06:30:47 UTC] PHP   1. {main}() /home/ubuntu/workspace/php/compartir.php:0
[24-Sep-2015 06:30:47 UTC] PHP   2. mysql_query() /home/ubuntu/workspace/php/compartir.php:14
[24-Sep-2015 06:30:47 UTC] PHP Warning:  mysql_query() expects parameter 2 to be resource, null given in /home/ubuntu/workspace/php/compartir.php on line 17
[24-Sep-2015 06:30:47 UTC] PHP Stack trace:
[24-Sep-2015 06:30:47 UTC] PHP   1. {main}() /home/ubuntu/workspace/php/compartir.php:0
[24-Sep-2015 06:30:47 UTC] PHP   2. mysql_query() /home/ubuntu/workspace/php/compartir.php:17
[24-Sep-2015 06:30:47 UTC] PHP Warning:  mysql_query(): Access denied for user ''@'localhost' (using password: NO) in /home/ubuntu/workspace/php/compartir.php on line 22
[24-Sep-2015 06:30:47 UTC] PHP Stack trace:
[24-Sep-2015 06:30:47 UTC] PHP   1. {main}() /home/ubuntu/workspace/php/compartir.php:0
[24-Sep-2015 06:30:47 UTC] PHP   2. mysql_query() /home/ubuntu/workspace/php/compartir.php:22
[24-Sep-2015 06:30:47 UTC] PHP Warning:  mysql_query(): A link to the server could not be established in /home/ubuntu/workspace/php/compartir.php on line 22
[24-Sep-2015 06:30:47 UTC] PHP Stack trace:
[24-Sep-2015 06:30:47 UTC] PHP   1. {main}() /home/ubuntu/workspace/php/compartir.php:0
[24-Sep-2015 06:30:47 UTC] PHP   2. mysql_query() /home/ubuntu/workspace/php/compartir.php:22
[24-Sep-2015 06:30:53 UTC] PHP Warning:  mysql_query() expects parameter 2 to be resource, null given in /home/ubuntu/workspace/php/compartir.php on line 14
[24-Sep-2015 06:30:53 UTC] PHP Stack trace:
[24-Sep-2015 06:30:53 UTC] PHP   1. {main}() /home/ubuntu/workspace/php/compartir.php:0
[24-Sep-2015 06:30:53 UTC] PHP   2. mysql_query() /home/ubuntu/workspace/php/compartir.php:14
[24-Sep-2015 06:30:53 UTC] PHP Warning:  mysql_query() expects parameter 2 to be resource, null given in /home/ubuntu/workspace/php/compartir.php on line 17
[24-Sep-2015 06:30:53 UTC] PHP Stack trace:
[24-Sep-2015 06:30:53 UTC] PHP   1. {main}() /home/ubuntu/workspace/php/compartir.php:0
[24-Sep-2015 06:30:53 UTC] PHP   2. mysql_query() /home/ubuntu/workspace/php/compartir.php:17
[24-Sep-2015 06:30:53 UTC] PHP Warning:  mysql_query(): Access denied for user ''@'localhost' (using password: NO) in /home/ubuntu/workspace/php/compartir.php on line 22
[24-Sep-2015 06:30:53 UTC] PHP Stack trace:
[24-Sep-2015 06:30:53 UTC] PHP   1. {main}() /home/ubuntu/workspace/php/compartir.php:0
[24-Sep-2015 06:30:53 UTC] PHP   2. mysql_query() /home/ubuntu/workspace/php/compartir.php:22
[24-Sep-2015 06:30:53 UTC] PHP Warning:  mysql_query(): A link to the server could not be established in /home/ubuntu/workspace/php/compartir.php on line 22
[24-Sep-2015 06:30:53 UTC] PHP Stack trace:
[24-Sep-2015 06:30:53 UTC] PHP   1. {main}() /home/ubuntu/workspace/php/compartir.php:0
[24-Sep-2015 06:30:53 UTC] PHP   2. mysql_query() /home/ubuntu/workspace/php/compartir.php:22
[24-Sep-2015 06:31:19 UTC] PHP Warning:  mysql_query() expects parameter 2 to be resource, null given in /home/ubuntu/workspace/php/compartir.php on line 14
[24-Sep-2015 06:31:19 UTC] PHP Stack trace:
[24-Sep-2015 06:31:19 UTC] PHP   1. {main}() /home/ubuntu/workspace/php/compartir.php:0
[24-Sep-2015 06:31:19 UTC] PHP   2. mysql_query() /home/ubuntu/workspace/php/compartir.php:14
[24-Sep-2015 06:31:19 UTC] PHP Warning:  mysql_query() expects parameter 2 to be resource, null given in /home/ubuntu/workspace/php/compartir.php on line 17
[24-Sep-2015 06:31:19 UTC] PHP Stack trace:
[24-Sep-2015 06:31:19 UTC] PHP   1. {main}() /home/ubuntu/workspace/php/compartir.php:0
[24-Sep-2015 06:31:19 UTC] PHP   2. mysql_query() /home/ubuntu/workspace/php/compartir.php:17
[24-Sep-2015 06:31:25 UTC] PHP Warning:  mysql_query() expects parameter 2 to be resource, null given in /home/ubuntu/workspace/php/compartir.php on line 14
[24-Sep-2015 06:31:25 UTC] PHP Stack trace:
[24-Sep-2015 06:31:25 UTC] PHP   1. {main}() /home/ubuntu/workspace/php/compartir.php:0
[24-Sep-2015 06:31:25 UTC] PHP   2. mysql_query() /home/ubuntu/workspace/php/compartir.php:14
[24-Sep-2015 06:31:25 UTC] PHP Warning:  mysql_query() expects parameter 2 to be resource, null given in /home/ubuntu/workspace/php/compartir.php on line 17
[24-Sep-2015 06:31:25 UTC] PHP Stack trace:
[24-Sep-2015 06:31:25 UTC] PHP   1. {main}() /home/ubuntu/workspace/php/compartir.php:0
[24-Sep-2015 06:31:25 UTC] PHP   2. mysql_query() /home/ubuntu/workspace/php/compartir.php:17
[24-Sep-2015 06:31:29 UTC] PHP Warning:  mysql_query() expects parameter 2 to be resource, null given in /home/ubuntu/workspace/php/compartir.php on line 14
[24-Sep-2015 06:31:29 UTC] PHP Stack trace:
[24-Sep-2015 06:31:29 UTC] PHP   1. {main}() /home/ubuntu/workspace/php/compartir.php:0
[24-Sep-2015 06:31:29 UTC] PHP   2. mysql_query() /home/ubuntu/workspace/php/compartir.php:14
[24-Sep-2015 06:31:29 UTC] PHP Warning:  mysql_query() expects parameter 2 to be resource, null given in /home/ubuntu/workspace/php/compartir.php on line 17
[24-Sep-2015 06:31:29 UTC] PHP Stack trace:
[24-Sep-2015 06:31:29 UTC] PHP   1. {main}() /home/ubuntu/workspace/php/compartir.php:0
[24-Sep-2015 06:31:29 UTC] PHP   2. mysql_query() /home/ubuntu/workspace/php/compartir.php:17
[24-Sep-2015 06:31:52 UTC] PHP Warning:  mysql_query() expects parameter 2 to be resource, null given in /home/ubuntu/workspace/php/compartir.php on line 14
[24-Sep-2015 06:31:52 UTC] PHP Stack trace:
[24-Sep-2015 06:31:52 UTC] PHP   1. {main}() /home/ubuntu/workspace/php/compartir.php:0
[24-Sep-2015 06:31:52 UTC] PHP   2. mysql_query() /home/ubuntu/workspace/php/compartir.php:14
[24-Sep-2015 06:31:52 UTC] PHP Warning:  mysql_query() expects parameter 2 to be resource, null given in /home/ubuntu/workspace/php/compartir.php on line 17
[24-Sep-2015 06:31:52 UTC] PHP Stack trace:
[24-Sep-2015 06:31:52 UTC] PHP   1. {main}() /home/ubuntu/workspace/php/compartir.php:0
[24-Sep-2015 06:31:52 UTC] PHP   2. mysql_query() /home/ubuntu/workspace/php/compartir.php:17
[24-Sep-2015 06:32:06 UTC] PHP Warning:  mysql_query() expects parameter 2 to be resource, null given in /home/ubuntu/workspace/php/compartir.php on line 14
[24-Sep-2015 06:32:06 UTC] PHP Stack trace:
[24-Sep-2015 06:32:06 UTC] PHP   1. {main}() /home/ubuntu/workspace/php/compartir.php:0
[24-Sep-2015 06:32:06 UTC] PHP   2. mysql_query() /home/ubuntu/workspace/php/compartir.php:14
[24-Sep-2015 06:32:06 UTC] PHP Warning:  mysql_query() expects parameter 2 to be resource, null given in /home/ubuntu/workspace/php/compartir.php on line 17
[24-Sep-2015 06:32:06 UTC] PHP Stack trace:
[24-Sep-2015 06:32:06 UTC] PHP   1. {main}() /home/ubuntu/workspace/php/compartir.php:0
[24-Sep-2015 06:32:06 UTC] PHP   2. mysql_query() /home/ubuntu/workspace/php/compartir.php:17
[24-Sep-2015 06:39:59 UTC] PHP Parse error:  syntax error, unexpected '[' in /home/ubuntu/workspace/php/compartir.php on line 18
